build/app/intermediates/manifest_merge_blame_file/release/manifest-merger-blame-release-report.txt
1<?xml version="1.0" encoding="utf-8"?>
2<manifest xmlns:android="http://schemas.android.com/apk/res/android"
3    package="com.sunnydays.piano"
4    android:versionCode="42"
5    android:versionName="1.1.0" >
6
7    <uses-sdk
8        android:minSdkVersion="24"
9        android:targetSdkVersion="35" />
10
11    <uses-permission android:name="android.permission.READ_MEDIA_IMAGES" />
11-->src/main/AndroidManifest.xml:3:5-76
11-->src/main/AndroidManifest.xml:3:22-73
12    <uses-permission android:name="android.permission.POST_NOTIFICATIONS" />
12-->src/main/AndroidManifest.xml:5:5-76
12-->src/main/AndroidManifest.xml:5:22-74
13    <uses-permission android:name="android.permission.VIBRATE" />
13-->src/main/AndroidManifest.xml:6:5-66
13-->src/main/AndroidManifest.xml:6:22-63
14    <uses-permission android:name="android.permission.INTERNET" />
14-->src/main/AndroidManifest.xml:7:5-66
14-->src/main/AndroidManifest.xml:7:22-64
15    <uses-permission android:name="android.permission.USE_FULL_SCREEN_INTENT" />
15-->src/main/AndroidManifest.xml:8:5-81
15-->src/main/AndroidManifest.xml:8:22-78
16    <uses-permission android:name="android.permission.WAKE_LOCK" />
16-->src/main/AndroidManifest.xml:9:5-68
16-->src/main/AndroidManifest.xml:9:22-65
17    <uses-permission android:name="android.permission.RECEIVE_BOOT_COMPLETED" />
17-->src/main/AndroidManifest.xml:10:5-80
17-->src/main/AndroidManifest.xml:10:22-78
18    <!--
19         Required to query activities that can process text, see:
20         https://developer.android.com/training/package-visibility?hl=en and
21         https://developer.android.com/reference/android/content/Intent#ACTION_PROCESS_TEXT.
22
23         In particular, this is used by the Flutter engine in io.flutter.plugin.text.ProcessTextPlugin.
24    -->
25    <queries>
25-->src/main/AndroidManifest.xml:45:5-50:15
26        <intent>
26-->src/main/AndroidManifest.xml:46:9-49:18
27            <action android:name="android.intent.action.PROCESS_TEXT" />
27-->src/main/AndroidManifest.xml:47:13-72
27-->src/main/AndroidManifest.xml:47:21-70
28
29            <data android:mimeType="text/plain" />
29-->src/main/AndroidManifest.xml:48:13-50
29-->src/main/AndroidManifest.xml:48:19-48
30        </intent>
31        <intent>
31-->[:flutter_inappwebview_android] AndroidManifest.xml:8:9-10:18
32            <action android:name="android.support.customtabs.action.CustomTabsService" />
32-->[:flutter_inappwebview_android] AndroidManifest.xml:9:13-90
32-->[:flutter_inappwebview_android] AndroidManifest.xml:9:21-87
33        </intent>
34    </queries>
35
36    <uses-permission android:name="android.permission.ACCESS_NETWORK_STATE" />
36-->[:connectivity_plus] AndroidManifest.xml:7:5-79
36-->[:connectivity_plus] AndroidManifest.xml:7:22-76
37    <uses-permission android:name="android.permission.ACCESS_WIFI_STATE" />
37-->[:network_info_plus] AndroidManifest.xml:8:5-76
37-->[:network_info_plus] AndroidManifest.xml:8:22-73
38    <uses-permission
38-->[:photo_manager] AndroidManifest.xml:7:5-9:38
39        android:name="android.permission.READ_EXTERNAL_STORAGE"
39-->[:photo_manager] AndroidManifest.xml:8:9-64
40        android:maxSdkVersion="32" /> <!-- Required by older versions of Google Play services to create IID tokens -->
40-->[:photo_manager] AndroidManifest.xml:9:9-35
41    <uses-permission android:name="com.google.android.c2dm.permission.RECEIVE" />
41-->[com.google.firebase:firebase-messaging:24.1.0] AndroidManifest.xml:26:5-82
41-->[com.google.firebase:firebase-messaging:24.1.0] AndroidManifest.xml:26:22-79
42    <uses-permission android:name="com.google.android.providers.gsf.permission.READ_GSERVICES" />
42-->[com.google.android.recaptcha:recaptcha:18.6.1] AndroidManifest.xml:9:5-98
42-->[com.google.android.recaptcha:recaptcha:18.6.1] AndroidManifest.xml:9:22-95
43
44    <permission
44-->[androidx.core:core:1.13.1] AndroidManifest.xml:22:5-24:47
45        android:name="com.sunnydays.piano.DYNAMIC_RECEIVER_NOT_EXPORTED_PERMISSION"
45-->[androidx.core:core:1.13.1] AndroidManifest.xml:23:9-81
46        android:protectionLevel="signature" />
46-->[androidx.core:core:1.13.1] AndroidManifest.xml:24:9-44
47
48    <uses-permission android:name="com.sunnydays.piano.DYNAMIC_RECEIVER_NOT_EXPORTED_PERMISSION" />
48-->[androidx.core:core:1.13.1] AndroidManifest.xml:26:5-97
48-->[androidx.core:core:1.13.1] AndroidManifest.xml:26:22-94
49
50    <application
51        android:name="android.app.Application"
51-->src/main/AndroidManifest.xml:14:51-84
52        android:appComponentFactory="androidx.core.app.CoreComponentFactory"
52-->[androidx.core:core:1.13.1] AndroidManifest.xml:28:18-86
53        android:extractNativeLibs="false"
54        android:icon="@mipmap/launcher_icon"
54-->src/main/AndroidManifest.xml:14:85-121
55        android:label="Sunny Days Piano" >
55-->src/main/AndroidManifest.xml:14:18-50
56        <activity
56-->src/main/AndroidManifest.xml:16:9-32:20
57            android:name="com.sunnydays.piano.MainActivity"
57-->src/main/AndroidManifest.xml:16:19-47
58            android:configChanges="orientation|keyboardHidden|keyboard|screenSize|smallestScreenSize|locale|layoutDirection|fontScale|screenLayout|density|uiMode"
58-->src/main/AndroidManifest.xml:16:138-288
59            android:exported="true"
59-->src/main/AndroidManifest.xml:16:48-71
60            android:hardwareAccelerated="true"
60-->src/main/AndroidManifest.xml:16:289-323
61            android:launchMode="singleTop"
61-->src/main/AndroidManifest.xml:16:72-102
62            android:theme="@style/LaunchTheme"
62-->src/main/AndroidManifest.xml:16:103-137
63            android:windowSoftInputMode="adjustResize" >
63-->src/main/AndroidManifest.xml:16:324-366
64
65            <!--
66                 Specifies an Android theme to apply to this Activity as soon as
67                 the Android process has started. This theme is visible to the user
68                 while the Flutter UI initializes. After that, this theme continues
69                 to determine the Window background behind the Flutter UI.
70            -->
71            <meta-data
71-->src/main/AndroidManifest.xml:21:13-119
72                android:name="io.flutter.embedding.android.NormalTheme"
72-->src/main/AndroidManifest.xml:21:24-79
73                android:resource="@style/NormalTheme" />
73-->src/main/AndroidManifest.xml:21:80-117
74
75            <intent-filter>
75-->src/main/AndroidManifest.xml:22:13-25:29
76                <action android:name="android.intent.action.MAIN" />
76-->src/main/AndroidManifest.xml:23:17-68
76-->src/main/AndroidManifest.xml:23:25-66
77
78                <category android:name="android.intent.category.LAUNCHER" />
78-->src/main/AndroidManifest.xml:24:17-76
78-->src/main/AndroidManifest.xml:24:27-74
79            </intent-filter>
80            <intent-filter>
80-->src/main/AndroidManifest.xml:26:13-29:29
81                <action android:name="FLUTTER_NOTIFICATION_CLICK" />
81-->src/main/AndroidManifest.xml:27:17-69
81-->src/main/AndroidManifest.xml:27:25-66
82
83                <category android:name="android.intent.category.DEFAULT" />
83-->src/main/AndroidManifest.xml:28:17-76
83-->src/main/AndroidManifest.xml:28:27-73
84            </intent-filter>
85        </activity>
86        <!--
87             Don't delete the meta-data below.
88             This is used by the Flutter tool to generate GeneratedPluginRegistrant.java
89        -->
90        <meta-data
90-->src/main/AndroidManifest.xml:35:9-71
91            android:name="flutterEmbedding"
91-->src/main/AndroidManifest.xml:35:20-51
92            android:value="2" />
92-->src/main/AndroidManifest.xml:35:52-69
93        <meta-data
93-->src/main/AndroidManifest.xml:36:9-38:55
94            android:name="com.google.firebase.messaging.default_notification_channel_id"
94-->src/main/AndroidManifest.xml:37:13-89
95            android:value="high_importance_channel" />
95-->src/main/AndroidManifest.xml:38:13-52
96
97        <service
97-->[:firebase_auth] AndroidManifest.xml:8:9-12:19
98            android:name="com.google.firebase.components.ComponentDiscoveryService"
98-->[:firebase_auth] AndroidManifest.xml:8:18-89
99            android:directBootAware="true"
99-->[com.google.firebase:firebase-common:21.0.0] AndroidManifest.xml:32:13-43
100            android:exported="false" >
100-->[com.google.firebase:firebase-auth:23.2.0] AndroidManifest.xml:68:13-37
101            <meta-data
101-->[:firebase_auth] AndroidManifest.xml:9:13-11:85
102                android:name="com.google.firebase.components:io.flutter.plugins.firebase.auth.FlutterFirebaseAuthRegistrar"
102-->[:firebase_auth] AndroidManifest.xml:10:17-124
103                android:value="com.google.firebase.components.ComponentRegistrar" />
103-->[:firebase_auth] AndroidManifest.xml:11:17-82
104            <meta-data
104-->[:firebase_messaging] AndroidManifest.xml:36:13-38:85
105                android:name="com.google.firebase.components:io.flutter.plugins.firebase.messaging.FlutterFirebaseAppRegistrar"
105-->[:firebase_messaging] AndroidManifest.xml:37:17-128
106                android:value="com.google.firebase.components.ComponentRegistrar" />
106-->[:firebase_messaging] AndroidManifest.xml:38:17-82
107            <meta-data
107-->[:firebase_remote_config] AndroidManifest.xml:9:13-11:85
108                android:name="com.google.firebase.components:io.flutter.plugins.firebase.firebaseremoteconfig.FlutterFirebaseAppRegistrar"
108-->[:firebase_remote_config] AndroidManifest.xml:10:17-139
109                android:value="com.google.firebase.components.ComponentRegistrar" />
109-->[:firebase_remote_config] AndroidManifest.xml:11:17-82
110            <meta-data
110-->[:firebase_core] AndroidManifest.xml:9:13-11:85
111                android:name="com.google.firebase.components:io.flutter.plugins.firebase.core.FlutterFirebaseCoreRegistrar"
111-->[:firebase_core] AndroidManifest.xml:10:17-124
112                android:value="com.google.firebase.components.ComponentRegistrar" />
112-->[:firebase_core] AndroidManifest.xml:11:17-82
113            <meta-data
113-->[com.google.firebase:firebase-auth:23.2.0] AndroidManifest.xml:69:13-71:85
114                android:name="com.google.firebase.components:com.google.firebase.auth.FirebaseAuthRegistrar"
114-->[com.google.firebase:firebase-auth:23.2.0] AndroidManifest.xml:70:17-109
115                android:value="com.google.firebase.components.ComponentRegistrar" />
115-->[com.google.firebase:firebase-auth:23.2.0] AndroidManifest.xml:71:17-82
116            <meta-data
116-->[com.google.firebase:firebase-config:22.1.0] AndroidManifest.xml:29:13-31:85
117                android:name="com.google.firebase.components:com.google.firebase.remoteconfig.FirebaseRemoteConfigKtxRegistrar"
117-->[com.google.firebase:firebase-config:22.1.0] AndroidManifest.xml:30:17-128
118                android:value="com.google.firebase.components.ComponentRegistrar" />
118-->[com.google.firebase:firebase-config:22.1.0] AndroidManifest.xml:31:17-82
119            <meta-data
119-->[com.google.firebase:firebase-config:22.1.0] AndroidManifest.xml:32:13-34:85
120                android:name="com.google.firebase.components:com.google.firebase.remoteconfig.RemoteConfigRegistrar"
120-->[com.google.firebase:firebase-config:22.1.0] AndroidManifest.xml:33:17-117
121                android:value="com.google.firebase.components.ComponentRegistrar" />
121-->[com.google.firebase:firebase-config:22.1.0] AndroidManifest.xml:34:17-82
122            <meta-data
122-->[com.google.firebase:firebase-messaging:24.1.0] AndroidManifest.xml:57:13-59:85
123                android:name="com.google.firebase.components:com.google.firebase.messaging.FirebaseMessagingKtxRegistrar"
123-->[com.google.firebase:firebase-messaging:24.1.0] AndroidManifest.xml:58:17-122
124                android:value="com.google.firebase.components.ComponentRegistrar" />
124-->[com.google.firebase:firebase-messaging:24.1.0] AndroidManifest.xml:59:17-82
125            <meta-data
125-->[com.google.firebase:firebase-messaging:24.1.0] AndroidManifest.xml:60:13-62:85
126                android:name="com.google.firebase.components:com.google.firebase.messaging.FirebaseMessagingRegistrar"
126-->[com.google.firebase:firebase-messaging:24.1.0] AndroidManifest.xml:61:17-119
127                android:value="com.google.firebase.components.ComponentRegistrar" />
127-->[com.google.firebase:firebase-messaging:24.1.0] AndroidManifest.xml:62:17-82
128            <meta-data
128-->[com.google.firebase:firebase-installations:18.0.0] AndroidManifest.xml:15:13-17:85
129                android:name="com.google.firebase.components:com.google.firebase.installations.FirebaseInstallationsKtxRegistrar"
129-->[com.google.firebase:firebase-installations:18.0.0] AndroidManifest.xml:16:17-130
130                android:value="com.google.firebase.components.ComponentRegistrar" />
130-->[com.google.firebase:firebase-installations:18.0.0] AndroidManifest.xml:17:17-82
131            <meta-data
131-->[com.google.firebase:firebase-installations:18.0.0] AndroidManifest.xml:18:13-20:85
132                android:name="com.google.firebase.components:com.google.firebase.installations.FirebaseInstallationsRegistrar"
132-->[com.google.firebase:firebase-installations:18.0.0] AndroidManifest.xml:19:17-127
133                android:value="com.google.firebase.components.ComponentRegistrar" />
133-->[com.google.firebase:firebase-installations:18.0.0] AndroidManifest.xml:20:17-82
134            <meta-data
134-->[com.google.firebase:firebase-common-ktx:21.0.0] AndroidManifest.xml:12:13-14:85
135                android:name="com.google.firebase.components:com.google.firebase.ktx.FirebaseCommonLegacyRegistrar"
135-->[com.google.firebase:firebase-common-ktx:21.0.0] AndroidManifest.xml:13:17-116
136                android:value="com.google.firebase.components.ComponentRegistrar" />
136-->[com.google.firebase:firebase-common-ktx:21.0.0] AndroidManifest.xml:14:17-82
137            <meta-data
137-->[com.google.firebase:firebase-common:21.0.0] AndroidManifest.xml:35:13-37:85
138                android:name="com.google.firebase.components:com.google.firebase.FirebaseCommonKtxRegistrar"
138-->[com.google.firebase:firebase-common:21.0.0] AndroidManifest.xml:36:17-109
139                android:value="com.google.firebase.components.ComponentRegistrar" />
139-->[com.google.firebase:firebase-common:21.0.0] AndroidManifest.xml:37:17-82
140            <meta-data
140-->[com.google.firebase:firebase-abt:21.1.1] AndroidManifest.xml:12:13-14:85
141                android:name="com.google.firebase.components:com.google.firebase.abt.component.AbtRegistrar"
141-->[com.google.firebase:firebase-abt:21.1.1] AndroidManifest.xml:13:17-109
142                android:value="com.google.firebase.components.ComponentRegistrar" />
142-->[com.google.firebase:firebase-abt:21.1.1] AndroidManifest.xml:14:17-82
143            <meta-data
143-->[com.google.firebase:firebase-datatransport:18.2.0] AndroidManifest.xml:25:13-27:85
144                android:name="com.google.firebase.components:com.google.firebase.datatransport.TransportRegistrar"
144-->[com.google.firebase:firebase-datatransport:18.2.0] AndroidManifest.xml:26:17-115
145                android:value="com.google.firebase.components.ComponentRegistrar" />
145-->[com.google.firebase:firebase-datatransport:18.2.0] AndroidManifest.xml:27:17-82
146        </service>
147        <service
147-->[:firebase_messaging] AndroidManifest.xml:14:9-17:72
148            android:name="io.flutter.plugins.firebase.messaging.FlutterFirebaseMessagingBackgroundService"
148-->[:firebase_messaging] AndroidManifest.xml:15:13-107
149            android:exported="false"
149-->[:firebase_messaging] AndroidManifest.xml:16:13-37
150            android:permission="android.permission.BIND_JOB_SERVICE" />
150-->[:firebase_messaging] AndroidManifest.xml:17:13-69
151        <service
151-->[:firebase_messaging] AndroidManifest.xml:18:9-24:19
152            android:name="io.flutter.plugins.firebase.messaging.FlutterFirebaseMessagingService"
152-->[:firebase_messaging] AndroidManifest.xml:19:13-97
153            android:exported="false" >
153-->[:firebase_messaging] AndroidManifest.xml:20:13-37
154            <intent-filter>
154-->[:firebase_messaging] AndroidManifest.xml:21:13-23:29
155                <action android:name="com.google.firebase.MESSAGING_EVENT" />
155-->[:firebase_messaging] AndroidManifest.xml:22:17-78
155-->[:firebase_messaging] AndroidManifest.xml:22:25-75
156            </intent-filter>
157        </service>
158
159        <receiver
159-->[:firebase_messaging] AndroidManifest.xml:26:9-33:20
160            android:name="io.flutter.plugins.firebase.messaging.FlutterFirebaseMessagingReceiver"
160-->[:firebase_messaging] AndroidManifest.xml:27:13-98
161            android:exported="true"
161-->[:firebase_messaging] AndroidManifest.xml:28:13-36
162            android:permission="com.google.android.c2dm.permission.SEND" >
162-->[:firebase_messaging] AndroidManifest.xml:29:13-73
163            <intent-filter>
163-->[:firebase_messaging] AndroidManifest.xml:30:13-32:29
164                <action android:name="com.google.android.c2dm.intent.RECEIVE" />
164-->[:firebase_messaging] AndroidManifest.xml:31:17-81
164-->[:firebase_messaging] AndroidManifest.xml:31:25-78
165            </intent-filter>
166        </receiver>
167
168        <provider
168-->[:firebase_messaging] AndroidManifest.xml:41:9-45:38
169            android:name="io.flutter.plugins.firebase.messaging.FlutterFirebaseMessagingInitProvider"
169-->[:firebase_messaging] AndroidManifest.xml:42:13-102
170            android:authorities="com.sunnydays.piano.flutterfirebasemessaginginitprovider"
170-->[:firebase_messaging] AndroidManifest.xml:43:13-88
171            android:exported="false"
171-->[:firebase_messaging] AndroidManifest.xml:44:13-37
172            android:initOrder="99" />
172-->[:firebase_messaging] AndroidManifest.xml:45:13-35
173
174        <activity
174-->[:flutter_inappwebview_android] AndroidManifest.xml:14:9-18:47
175            android:name="com.pichillilorenzo.flutter_inappwebview_android.in_app_browser.InAppBrowserActivity"
175-->[:flutter_inappwebview_android] AndroidManifest.xml:15:13-112
176            android:configChanges="orientation|keyboardHidden|keyboard|screenSize|locale|layoutDirection|fontScale|screenLayout|density"
176-->[:flutter_inappwebview_android] AndroidManifest.xml:16:13-137
177            android:exported="false"
177-->[:flutter_inappwebview_android] AndroidManifest.xml:17:13-37
178            android:theme="@style/AppTheme" />
178-->[:flutter_inappwebview_android] AndroidManifest.xml:18:13-44
179        <activity
179-->[:flutter_inappwebview_android] AndroidManifest.xml:19:9-22:55
180            android:name="com.pichillilorenzo.flutter_inappwebview_android.chrome_custom_tabs.ChromeCustomTabsActivity"
180-->[:flutter_inappwebview_android] AndroidManifest.xml:20:13-120
181            android:exported="false"
181-->[:flutter_inappwebview_android] AndroidManifest.xml:21:13-37
182            android:theme="@style/ThemeTransparent" />
182-->[:flutter_inappwebview_android] AndroidManifest.xml:22:13-52
183        <activity
183-->[:flutter_inappwebview_android] AndroidManifest.xml:23:9-26:55
184            android:name="com.pichillilorenzo.flutter_inappwebview_android.chrome_custom_tabs.TrustedWebActivity"
184-->[:flutter_inappwebview_android] AndroidManifest.xml:24:13-114
185            android:exported="false"
185-->[:flutter_inappwebview_android] AndroidManifest.xml:25:13-37
186            android:theme="@style/ThemeTransparent" />
186-->[:flutter_inappwebview_android] AndroidManifest.xml:26:13-52
187        <activity
187-->[:flutter_inappwebview_android] AndroidManifest.xml:27:9-31:55
188            android:name="com.pichillilorenzo.flutter_inappwebview_android.chrome_custom_tabs.ChromeCustomTabsActivitySingleInstance"
188-->[:flutter_inappwebview_android] AndroidManifest.xml:28:13-134
189            android:exported="false"
189-->[:flutter_inappwebview_android] AndroidManifest.xml:29:13-37
190            android:launchMode="singleInstance"
190-->[:flutter_inappwebview_android] AndroidManifest.xml:30:13-48
191            android:theme="@style/ThemeTransparent" />
191-->[:flutter_inappwebview_android] AndroidManifest.xml:31:13-52
192        <activity
192-->[:flutter_inappwebview_android] AndroidManifest.xml:32:9-36:55
193            android:name="com.pichillilorenzo.flutter_inappwebview_android.chrome_custom_tabs.TrustedWebActivitySingleInstance"
193-->[:flutter_inappwebview_android] AndroidManifest.xml:33:13-128
194            android:exported="false"
194-->[:flutter_inappwebview_android] AndroidManifest.xml:34:13-37
195            android:launchMode="singleInstance"
195-->[:flutter_inappwebview_android] AndroidManifest.xml:35:13-48
196            android:theme="@style/ThemeTransparent" />
196-->[:flutter_inappwebview_android] AndroidManifest.xml:36:13-52
197
198        <receiver
198-->[:flutter_inappwebview_android] AndroidManifest.xml:38:9-41:40
199            android:name="com.pichillilorenzo.flutter_inappwebview_android.chrome_custom_tabs.ActionBroadcastReceiver"
199-->[:flutter_inappwebview_android] AndroidManifest.xml:39:13-119
200            android:enabled="true"
200-->[:flutter_inappwebview_android] AndroidManifest.xml:40:13-35
201            android:exported="false" />
201-->[:flutter_inappwebview_android] AndroidManifest.xml:41:13-37
202
203        <meta-data
203-->[:flutter_inappwebview_android] AndroidManifest.xml:43:9-45:36
204            android:name="io.flutter.embedded_views_preview"
204-->[:flutter_inappwebview_android] AndroidManifest.xml:44:13-61
205            android:value="true" />
205-->[:flutter_inappwebview_android] AndroidManifest.xml:45:13-33
206
207        <provider
207-->[:image_picker_android] AndroidManifest.xml:9:9-17:20
208            android:name="io.flutter.plugins.imagepicker.ImagePickerFileProvider"
208-->[:image_picker_android] AndroidManifest.xml:10:13-82
209            android:authorities="com.sunnydays.piano.flutter.image_provider"
209-->[:image_picker_android] AndroidManifest.xml:11:13-74
210            android:exported="false"
210-->[:image_picker_android] AndroidManifest.xml:12:13-37
211            android:grantUriPermissions="true" >
211-->[:image_picker_android] AndroidManifest.xml:13:13-47
212            <meta-data
212-->[:image_picker_android] AndroidManifest.xml:14:13-16:75
213                android:name="android.support.FILE_PROVIDER_PATHS"
213-->[:image_picker_android] AndroidManifest.xml:15:17-67
214                android:resource="@xml/flutter_image_picker_file_paths" />
214-->[:image_picker_android] AndroidManifest.xml:16:17-72
215        </provider> <!-- Trigger Google Play services to install the backported photo picker module. -->
216        <service
216-->[:image_picker_android] AndroidManifest.xml:19:9-31:19
217            android:name="com.google.android.gms.metadata.ModuleDependencies"
217-->[:image_picker_android] AndroidManifest.xml:20:13-78
218            android:enabled="false"
218-->[:image_picker_android] AndroidManifest.xml:21:13-36
219            android:exported="false" >
219-->[:image_picker_android] AndroidManifest.xml:22:13-37
220            <intent-filter>
220-->[:image_picker_android] AndroidManifest.xml:24:13-26:29
221                <action android:name="com.google.android.gms.metadata.MODULE_DEPENDENCIES" />
221-->[:image_picker_android] AndroidManifest.xml:25:17-94
221-->[:image_picker_android] AndroidManifest.xml:25:25-91
222            </intent-filter>
223
224            <meta-data
224-->[:image_picker_android] AndroidManifest.xml:28:13-30:36
225                android:name="photopicker_activity:0:required"
225-->[:image_picker_android] AndroidManifest.xml:29:17-63
226                android:value="" />
226-->[:image_picker_android] AndroidManifest.xml:30:17-33
227        </service>
228
229        <activity
229-->[:url_launcher_android] AndroidManifest.xml:8:9-11:74
230            android:name="io.flutter.plugins.urllauncher.WebViewActivity"
230-->[:url_launcher_android] AndroidManifest.xml:9:13-74
231            android:exported="false"
231-->[:url_launcher_android] AndroidManifest.xml:10:13-37
232            android:theme="@android:style/Theme.NoTitleBar.Fullscreen" />
232-->[:url_launcher_android] AndroidManifest.xml:11:13-71
233        <activity
233-->[com.google.firebase:firebase-auth:23.2.0] AndroidManifest.xml:29:9-46:20
234            android:name="com.google.firebase.auth.internal.GenericIdpActivity"
234-->[com.google.firebase:firebase-auth:23.2.0] AndroidManifest.xml:30:13-80
235            android:excludeFromRecents="true"
235-->[com.google.firebase:firebase-auth:23.2.0] AndroidManifest.xml:31:13-46
236            android:exported="true"
236-->[com.google.firebase:firebase-auth:23.2.0] AndroidManifest.xml:32:13-36
237            android:launchMode="singleTask"
237-->[com.google.firebase:firebase-auth:23.2.0] AndroidManifest.xml:33:13-44
238            android:theme="@android:style/Theme.Translucent.NoTitleBar" >
238-->[com.google.firebase:firebase-auth:23.2.0] AndroidManifest.xml:34:13-72
239            <intent-filter>
239-->[com.google.firebase:firebase-auth:23.2.0] AndroidManifest.xml:35:13-45:29
240                <action android:name="android.intent.action.VIEW" />
240-->[com.google.firebase:firebase-auth:23.2.0] AndroidManifest.xml:36:17-69
240-->[com.google.firebase:firebase-auth:23.2.0] AndroidManifest.xml:36:25-66
241
242                <category android:name="android.intent.category.DEFAULT" />
242-->src/main/AndroidManifest.xml:28:17-76
242-->src/main/AndroidManifest.xml:28:27-73
243                <category android:name="android.intent.category.BROWSABLE" />
243-->[com.google.firebase:firebase-auth:23.2.0] AndroidManifest.xml:39:17-78
243-->[com.google.firebase:firebase-auth:23.2.0] AndroidManifest.xml:39:27-75
244
245                <data
245-->src/main/AndroidManifest.xml:48:13-50
246                    android:host="firebase.auth"
247                    android:path="/"
248                    android:scheme="genericidp" />
249            </intent-filter>
250        </activity>
251        <activity
251-->[com.google.firebase:firebase-auth:23.2.0] AndroidManifest.xml:47:9-64:20
252            android:name="com.google.firebase.auth.internal.RecaptchaActivity"
252-->[com.google.firebase:firebase-auth:23.2.0] AndroidManifest.xml:48:13-79
253            android:excludeFromRecents="true"
253-->[com.google.firebase:firebase-auth:23.2.0] AndroidManifest.xml:49:13-46
254            android:exported="true"
254-->[com.google.firebase:firebase-auth:23.2.0] AndroidManifest.xml:50:13-36
255            android:launchMode="singleTask"
255-->[com.google.firebase:firebase-auth:23.2.0] AndroidManifest.xml:51:13-44
256            android:theme="@android:style/Theme.Translucent.NoTitleBar" >
256-->[com.google.firebase:firebase-auth:23.2.0] AndroidManifest.xml:52:13-72
257            <intent-filter>
257-->[com.google.firebase:firebase-auth:23.2.0] AndroidManifest.xml:53:13-63:29
258                <action android:name="android.intent.action.VIEW" />
258-->[com.google.firebase:firebase-auth:23.2.0] AndroidManifest.xml:36:17-69
258-->[com.google.firebase:firebase-auth:23.2.0] AndroidManifest.xml:36:25-66
259
260                <category android:name="android.intent.category.DEFAULT" />
260-->src/main/AndroidManifest.xml:28:17-76
260-->src/main/AndroidManifest.xml:28:27-73
261                <category android:name="android.intent.category.BROWSABLE" />
261-->[com.google.firebase:firebase-auth:23.2.0] AndroidManifest.xml:39:17-78
261-->[com.google.firebase:firebase-auth:23.2.0] AndroidManifest.xml:39:27-75
262
263                <data
263-->src/main/AndroidManifest.xml:48:13-50
264                    android:host="firebase.auth"
265                    android:path="/"
266                    android:scheme="recaptcha" />
267            </intent-filter>
268        </activity>
269
270        <receiver
270-->[com.google.firebase:firebase-messaging:24.1.0] AndroidManifest.xml:29:9-40:20
271            android:name="com.google.firebase.iid.FirebaseInstanceIdReceiver"
271-->[com.google.firebase:firebase-messaging:24.1.0] AndroidManifest.xml:30:13-78
272            android:exported="true"
272-->[com.google.firebase:firebase-messaging:24.1.0] AndroidManifest.xml:31:13-36
273            android:permission="com.google.android.c2dm.permission.SEND" >
273-->[com.google.firebase:firebase-messaging:24.1.0] AndroidManifest.xml:32:13-73
274            <intent-filter>
274-->[:firebase_messaging] AndroidManifest.xml:30:13-32:29
275                <action android:name="com.google.android.c2dm.intent.RECEIVE" />
275-->[:firebase_messaging] AndroidManifest.xml:31:17-81
275-->[:firebase_messaging] AndroidManifest.xml:31:25-78
276            </intent-filter>
277
278            <meta-data
278-->[com.google.firebase:firebase-messaging:24.1.0] AndroidManifest.xml:37:13-39:40
279                android:name="com.google.android.gms.cloudmessaging.FINISHED_AFTER_HANDLED"
279-->[com.google.firebase:firebase-messaging:24.1.0] AndroidManifest.xml:38:17-92
280                android:value="true" />
280-->[com.google.firebase:firebase-messaging:24.1.0] AndroidManifest.xml:39:17-37
281        </receiver>
282        <!--
283             FirebaseMessagingService performs security checks at runtime,
284             but set to not exported to explicitly avoid allowing another app to call it.
285        -->
286        <service
286-->[com.google.firebase:firebase-messaging:24.1.0] AndroidManifest.xml:46:9-53:19
287            android:name="com.google.firebase.messaging.FirebaseMessagingService"
287-->[com.google.firebase:firebase-messaging:24.1.0] AndroidManifest.xml:47:13-82
288            android:directBootAware="true"
288-->[com.google.firebase:firebase-messaging:24.1.0] AndroidManifest.xml:48:13-43